2021-06-24 05:51:01,376    https://www.supply-it.ie/iphone-4-home-button-white-plastic-piece.html
2021-06-24 05:51:08,861    https://www.supply-it.ie/iphone-4-charge-cable-2-metre.html
2021-06-24 05:51:15,669    https://www.supply-it.ie/iphone-4-range-tempered-glass-screen-protector.html
2021-06-24 05:51:24,583    https://www.supply-it.ie/iphone-4-wifi-antenna-bracket.html
2021-06-24 05:51:31,841    https://www.supply-it.ie/iphone-4-battery-connector-dock.html
2021-06-24 05:51:37,841    https://www.supply-it.ie/iphone-4-button-set.html
2021-06-24 05:51:44,676    https://www.supply-it.ie/iphone-4-vibrate-motor.html
2021-06-24 05:51:52,718    https://www.supply-it.ie/iphone-4-home-button-black-plastic-piece.html
2021-06-24 05:51:59,782    https://www.supply-it.ie/iphone-4-wifi-antenna.html
2021-06-24 05:52:06,775    https://www.supply-it.ie/iphone-4-power-button-proximity-light-sensor-flex-cable.html
2021-06-24 05:52:15,019    https://www.supply-it.ie/iphone-4-front-camera.html
2021-06-24 05:52:22,383    https://www.supply-it.ie/iphone-4-rear-camera.html
2021-06-24 05:52:29,348    https://www.supply-it.ie/iphone-4-screw-set.html
2021-06-24 05:52:35,745    https://www.supply-it.ie/iphone-4-headphone-jack-flex-cable-white.html
2021-06-24 05:52:43,905    https://www.supply-it.ie/iphone-4-headphone-jack-flex-cable-black.html
2021-06-24 05:52:50,905    https://www.supply-it.ie/iphone-4-home-button-flex-cable.html
2021-06-24 05:52:57,710    https://www.supply-it.ie/iphone-4-charge-data-socket-flex.html
2021-06-24 05:53:05,434    https://www.supply-it.ie/iphone-4-dock-charge-station.html
2021-06-24 05:53:12,048    https://www.supply-it.ie/iphone-4-battery-pack.html
2021-06-24 05:53:19,571    https://www.supply-it.ie/iphone-4-white-rear-battery-cover.html
2021-06-24 05:53:24,704    https://www.supply-it.ie/iphone-4-4s-screen-guard-retail-pack.html
2021-06-24 05:53:32,398    https://www.supply-it.ie/iphone-4-4s-small-parts-bag.html
2021-06-24 05:53:40,672    https://www.supply-it.ie/iphone-4-4s-simtray.html
2021-06-28 09:27:09,156    start chrome
2021-06-28 09:27:09,199    try
2021-06-28 09:27:09,209    login ...
2021-06-28 09:28:11,018    start chrome
2021-06-28 09:28:11,023    try
2021-06-28 09:28:11,032    login ...
2021-06-28 09:31:42,978    start chrome
2021-06-28 09:31:42,983    try
2021-06-28 09:31:42,991    login ...
2021-06-28 09:33:48,020    start chrome
2021-06-28 09:33:48,026    try
2021-06-28 09:33:48,031    login ...
2021-06-28 09:41:31,946    start chrome
2021-06-28 09:41:31,946    start chrome
2021-06-28 09:41:31,968    try
2021-06-28 09:41:31,987    loging in
2021-06-28 09:41:31,997    login ...
2021-06-28 09:42:21,059    start chrome
2021-06-28 09:42:21,066    try
2021-06-28 09:42:21,080    login ...
