2021-03-31 19:59:50,348    https://www.supply-it.ie/baseus-yaven-lightning-cable-2-1a-1m-white.html
2021-03-31 19:59:58,465    https://www.supply-it.ie/inpods-i12-tws-universal-bluetooth-earbuds-with-charging-dock-white.html
2021-03-31 20:00:08,280    https://www.supply-it.ie/earbuds-with-3-5mm-headphone-plug.html
2021-03-31 20:00:17,861    https://www.supply-it.ie/smartphone-parts/apple/iphone-6s-parts.html
2021-03-31 20:00:26,174    https://www.supply-it.ie/catalog/product/view/id/5694/s/iphone-6s-plus-rear-housing-rose-gold/category/334/
2021-03-31 20:00:32,667    https://www.supply-it.ie/iphone-6s-sim-card-reader-contact-replacement.html
2021-03-31 20:00:38,501    https://www.supply-it.ie/iphone-6s-lcd-shield.html
2021-06-18 08:23:35,876    start chrome
2021-06-18 08:23:35,907    try
2021-06-18 08:23:35,908    login ...
2021-06-18 08:24:49,166    start chrome
2021-06-18 08:24:49,179    try
2021-06-18 08:24:49,180    login ...
2021-06-18 08:26:29,317    start chrome
2021-06-18 08:26:29,318    start chrome
2021-06-18 08:26:29,328    try
2021-06-18 08:26:29,328    loging in
2021-06-18 08:26:29,329    login ...
2021-06-18 08:26:48,035    Sign In Button is clicked.
2021-06-18 08:26:48,148    Email address is inserted
2021-06-18 08:26:48,232    Password is inserted
2021-06-18 08:26:53,070    Sign In Button is clicked
2021-06-18 08:26:58,123    Category links had got.
2021-06-18 08:27:02,063    https://www.supply-it.ie/smartphone-parts/apple/iphone-4-4s-3gs-parts.html
2021-06-18 08:27:09,644    https://www.supply-it.ie/iphone-4s-sim-card-reader.html
2021-06-18 08:27:19,670    https://www.supply-it.ie/iphone-4-white-sharp-original-lcd-complete-screen-assembly.html
2021-06-18 08:27:25,527    https://www.supply-it.ie/iphone-4s-white-sharp-original-lcd-complete-screen-assembly.html
2021-06-18 08:27:31,982    https://www.supply-it.ie/iphone-4s-wifi-bluetooth-ic-chip.html
2021-06-18 08:27:39,826    https://www.supply-it.ie/iphone-4s-home-button-white-plastic-piece.html
2021-06-18 08:27:45,760    https://www.supply-it.ie/iphone-4s-home-button-rubber-membrane-inc-metal-tab.html
2021-06-18 08:27:51,571    https://www.supply-it.ie/iphone-4s-rear-camera.html
2021-06-18 08:27:58,362    https://www.supply-it.ie/iphone-4s-wifi-antenna-bracket.html
2021-06-18 08:28:04,321    https://www.supply-it.ie/iphone-3gs-headphone-power-volume-key-flex.html
2021-06-18 08:28:11,063    https://www.supply-it.ie/iphone-3gs-home-button-flex.html
2021-06-18 08:28:16,570    https://www.supply-it.ie/iphone-3gs-charge-port-flex-antenna-speaker-microphone.html
2021-06-18 08:28:22,567    https://www.supply-it.ie/iphone-4s-battery-connector-dock.html
2021-06-18 08:28:29,415    https://www.supply-it.ie/iphone-3gs-battery-pack.html
2021-06-18 08:28:34,676    https://www.supply-it.ie/iphone-4s-button-set.html
2021-06-18 08:28:39,960    https://www.supply-it.ie/iphone-4s-vibrate-motor.html
2021-06-18 08:28:44,776    https://www.supply-it.ie/iphone-4s-home-button-black-plastic-piece.html
2021-06-18 08:28:51,339    https://www.supply-it.ie/iphone-4s-wifi-antenna.html
2021-06-18 08:28:57,239    https://www.supply-it.ie/iphone-3gs-replacement-digitizer-black-with-adhesive.html
2021-06-18 08:29:02,527    https://www.supply-it.ie/iphone-4s-front-camera.html
2021-06-18 08:29:07,236    https://www.supply-it.ie/iphone-4s-power-button-flex-cable.html
2021-06-18 08:29:12,994    https://www.supply-it.ie/iphone-4s-audio-headphone-jack-with-flex-cable-white.html
2021-06-18 08:29:18,763    https://www.supply-it.ie/iphone-4s-audio-headphone-jack-with-flex-cable-black.html
2021-06-18 08:29:23,815    https://www.supply-it.ie/iphone-4s-home-button-flex.html
2021-06-18 08:29:29,427    https://www.supply-it.ie/iphone-4s-charge-data-socket-flex.html
2021-06-18 08:29:34,931    https://www.supply-it.ie/iphone-4s-battery-pack-refurbished-original.html
2021-06-18 08:29:40,156    https://www.supply-it.ie/iphone-4s-white-rear-battery-cover.html
2021-06-18 08:29:42,398    start chrome
2021-06-18 08:29:42,424    try
2021-06-18 08:29:42,426    login ...
2021-06-18 08:29:46,512    https://www.supply-it.ie/iphone-4s-black-rear-battery-cover.html
2021-06-18 08:29:52,368    https://www.supply-it.ie/iphone-4-4s-powerbot-battery-case-1900mah-white.html
